f:\samples\samplefactoryandjobmanager\jobmanagerandfactory\jobmanagerandfactory\debug\vc142.pdb
f:\samples\samplefactoryandjobmanager\jobmanagerandfactory\jobmanagerandfactory\debug\vc142.idb
f:\samples\samplefactoryandjobmanager\jobmanagerandfactory\jobmanagerandfactory\debug\repairjobservice.obj
f:\samples\samplefactoryandjobmanager\jobmanagerandfactory\jobmanagerandfactory\debug\jobmanager.obj
f:\samples\samplefactoryandjobmanager\jobmanagerandfactory\jobmanagerandfactory\debug\jobfactory.obj
f:\samples\samplefactoryandjobmanager\jobmanagerandfactory\jobmanagerandfactory\debug\jobmanagerandfactory.obj
f:\samples\samplefactoryandjobmanager\jobmanagerandfactory\jobmanagerandfactory\debug\job.obj
f:\samples\samplefactoryandjobmanager\jobmanagerandfactory\jobmanagerandfactory\debug\patchjobservice.obj
f:\samples\samplefactoryandjobmanager\jobmanagerandfactory\debug\jobmanagerandfactory.pdb
f:\samples\samplefactoryandjobmanager\jobmanagerandfactory\jobmanagerandfactory\debug\jobmanag.963b4e04.tlog\cl.command.1.tlog
f:\samples\samplefactoryandjobmanager\jobmanagerandfactory\jobmanagerandfactory\debug\jobmanag.963b4e04.tlog\cl.read.1.tlog
f:\samples\samplefactoryandjobmanager\jobmanagerandfactory\jobmanagerandfactory\debug\jobmanag.963b4e04.tlog\cl.write.1.tlog
f:\samples\samplefactoryandjobmanager\jobmanagerandfactory\jobmanagerandfactory\debug\jobmanag.963b4e04.tlog\link-cvtres.read.1.tlog
f:\samples\samplefactoryandjobmanager\jobmanagerandfactory\jobmanagerandfactory\debug\jobmanag.963b4e04.tlog\link-cvtres.write.1.tlog
f:\samples\samplefactoryandjobmanager\jobmanagerandfactory\jobmanagerandfactory\debug\jobmanag.963b4e04.tlog\link-rc.read.1.tlog
f:\samples\samplefactoryandjobmanager\jobmanagerandfactory\jobmanagerandfactory\debug\jobmanag.963b4e04.tlog\link-rc.write.1.tlog
f:\samples\samplefactoryandjobmanager\jobmanagerandfactory\jobmanagerandfactory\debug\jobmanag.963b4e04.tlog\link.52144-cvtres.read.1.tlog
f:\samples\samplefactoryandjobmanager\jobmanagerandfactory\jobmanagerandfactory\debug\jobmanag.963b4e04.tlog\link.52144-cvtres.write.1.tlog
f:\samples\samplefactoryandjobmanager\jobmanagerandfactory\jobmanagerandfactory\debug\jobmanag.963b4e04.tlog\link.52144-rc.read.1.tlog
f:\samples\samplefactoryandjobmanager\jobmanagerandfactory\jobmanagerandfactory\debug\jobmanag.963b4e04.tlog\link.52144-rc.write.1.tlog
f:\samples\samplefactoryandjobmanager\jobmanagerandfactory\jobmanagerandfactory\debug\jobmanag.963b4e04.tlog\link.52144.read.1.tlog
f:\samples\samplefactoryandjobmanager\jobmanagerandfactory\jobmanagerandfactory\debug\jobmanag.963b4e04.tlog\link.52144.write.1.tlog
f:\samples\samplefactoryandjobmanager\jobmanagerandfactory\jobmanagerandfactory\debug\jobmanag.963b4e04.tlog\link.command.1.tlog
f:\samples\samplefactoryandjobmanager\jobmanagerandfactory\jobmanagerandfactory\debug\jobmanag.963b4e04.tlog\link.read.1.tlog
f:\samples\samplefactoryandjobmanager\jobmanagerandfactory\jobmanagerandfactory\debug\jobmanag.963b4e04.tlog\link.write.1.tlog
